16:07:19.157 INFO [main]: org.quartz.impl.StdSchedulerFactory [StdSchedulerFactory.java:1175] - Using default implementation for ThreadExecutor
16:07:19.169 INFO [main]: org.quartz.core.SchedulerSignalerImpl [SchedulerSignalerImpl.java:61] - Initialized Scheduler Signaller of type: class org.quartz.core.SchedulerSignalerImpl
16:07:19.170 INFO [main]: org.quartz.core.QuartzScheduler [QuartzScheduler.java:243] - Quartz Scheduler v.2.1.7 created.
16:07:19.171 INFO [main]: org.quartz.simpl.RAMJobStore [RAMJobStore.java:154] - RAMJobStore initialized.
16:07:19.172 INFO [main]: org.quartz.core.QuartzScheduler [QuartzScheduler.java:268] - Scheduler meta-data: Quartz Scheduler (v2.1.7) 'QuartzScheduler' with instanceId 'NON_CLUSTERED'
  Scheduler class: 'org.quartz.core.QuartzScheduler' - running locally.
  NOT STARTED.
  Currently in standby mode.
  Number of jobs executed: 0
  Using thread pool 'org.quartz.simpl.SimpleThreadPool' - with 1 threads.
  Using job-store 'org.quartz.simpl.RAMJobStore' - which does not support persistence. and is not clustered.

16:07:19.172 INFO [main]: org.quartz.impl.StdSchedulerFactory [StdSchedulerFactory.java:1324] - Quartz scheduler 'QuartzScheduler' initialized from an externally provided properties instance.
16:07:19.172 INFO [main]: org.quartz.impl.StdSchedulerFactory [StdSchedulerFactory.java:1328] - Quartz scheduler version: 2.1.7
16:07:19.172 INFO [main]: org.quartz.core.QuartzScheduler [QuartzScheduler.java:534] - Scheduler QuartzScheduler_$_NON_CLUSTERED started.
16:07:19.173 INFO [main]: com.aionemu.loginserver.LoginServer [LoginServer.java:119] - 2018-06-30 16-07-19
16:07:19.173 INFO [main]: com.aionemu.loginserver.configs.Config [Config.java:125] - Loading: myls.properties
16:07:19.174 INFO [main]: com.aionemu.loginserver.configs.Config [Config.java:128] - No override properties found
16:07:19.198 INFO [main]: com.aionemu.loginserver.configs.Config [Config.java:134] - Loading: ./config/network/network.properties
16:07:19.208 INFO [main]: com.aionemu.loginserver.configs.Config [Config.java:136] - Loading: ./config/network/svstats.properties
16:07:19.208 INFO [main]: com.aionemu.loginserver.configs.Config [Config.java:138] - Loading: ./config/network/commons.properties
16:07:19.208 INFO [main]: com.aionemu.loginserver.configs.Config [Config.java:140] - Loading: ./config/network/database.properties
16:07:19.409 INFO [main]: com.aionemu.commons.database.DatabaseFactory [DatabaseFactory.java:123] - Successfully connected to database
16:07:20.158 INFO [main]: com.aionemu.commons.database.dao.DAOManager [DAOManager.java:83] - Loaded 10 DAO implementations.
16:07:20.164 INFO [main]: com.aionemu.loginserver.utils.ThreadPoolManager [ThreadPoolManager.java:67] - ThreadPoolManager: Initialized with 23 scheduler, 11 instant, 0 long running thread(s).
16:07:20.165 INFO [main]: com.aionemu.loginserver.network.ncrypt.KeyGen [KeyGen.java:60] - Initializing Key Generator...
16:07:20.868 INFO [main]: com.aionemu.loginserver.GameServerTable [GameServerTable.java:69] - GameServerTable loaded 1 registered GameServers.
16:07:20.872 INFO [main]: com.aionemu.loginserver.controller.BannedIpController [BannedIpController.java:71] - BannedIpController loaded 0 IP bans.
16:07:20.891 INFO [main]: com.aionemu.commons.network.NioServer [NioServer.java:120] - Server listening on IP: 127.0.0.1 Port 9014 for Gs Connections
16:07:20.892 INFO [main]: com.aionemu.commons.network.NioServer [NioServer.java:120] - Server listening on IP: 127.0.0.1 Port 2106 for Aion Connections
16:07:20.902 INFO [main]: com.aionemu.loginserver.service.PlayerTransferService [PlayerTransferService.java:68] - PlayerTransferService will be initialized in 10 sec.
16:07:20.913 INFO [main]: com.aionemu.loginserver.taskmanager.TaskFromDBManager [TaskFromDBManager.java:39] - Loaded 0 task from the database
16:07:20.914 INFO [main]: com.aionemu.commons.utils.AEInfos [AEInfos.java:118] - OS: Windows 10 Build: 10.0
16:07:20.914 INFO [main]: com.aionemu.commons.utils.AEInfos [AEInfos.java:118] - OS Arch: amd64
16:07:20.915 INFO [main]: com.aionemu.commons.utils.AEInfos [AEInfos.java:118] - ..................................................
16:07:20.915 INFO [main]: com.aionemu.commons.utils.AEInfos [AEInfos.java:118] - ..................................................
16:07:20.917 INFO [main]: com.aionemu.commons.utils.AEInfos [AEInfos.java:112] - Available CPU(s): 8
16:07:20.917 INFO [main]: com.aionemu.commons.utils.AEInfos [AEInfos.java:112] - Processor(s) Identifier: Intel64 Family 6 Model 94 Stepping 3, GenuineIntel
16:07:20.917 INFO [main]: com.aionemu.commons.utils.AEInfos [AEInfos.java:112] - ..................................................
16:07:20.918 INFO [main]: com.aionemu.commons.utils.AEInfos [AEInfos.java:112] - ..................................................
16:07:20.919 INFO [main]: com.aionemu.commons.utils.AEInfos [AEInfos.java:124] - Java Platform Information
16:07:20.919 INFO [main]: com.aionemu.commons.utils.AEInfos [AEInfos.java:124] - Java Runtime  Name: Java(TM) SE Runtime Environment
16:07:20.919 INFO [main]: com.aionemu.commons.utils.AEInfos [AEInfos.java:124] - Java Version: 1.8.0_172
16:07:20.920 INFO [main]: com.aionemu.commons.utils.AEInfos [AEInfos.java:124] - Java Class Version: 52.0
16:07:20.920 INFO [main]: com.aionemu.commons.utils.AEInfos [AEInfos.java:124] - ..................................................
16:07:20.921 INFO [main]: com.aionemu.commons.utils.AEInfos [AEInfos.java:124] - ..................................................
16:07:20.921 INFO [main]: com.aionemu.commons.utils.AEInfos [AEInfos.java:130] - Virtual Machine Information (JVM)
16:07:20.921 INFO [main]: com.aionemu.commons.utils.AEInfos [AEInfos.java:130] - JVM Name: Java HotSpot(TM) 64-Bit Server VM
16:07:20.922 INFO [main]: com.aionemu.commons.utils.AEInfos [AEInfos.java:130] - JVM installation directory: e:\Cucc\SPP-Aion (1)\SPP-Aion\Java8
16:07:20.922 INFO [main]: com.aionemu.commons.utils.AEInfos [AEInfos.java:130] - JVM version: 25.172-b11
16:07:20.922 INFO [main]: com.aionemu.commons.utils.AEInfos [AEInfos.java:130] - JVM Vendor: Oracle Corporation
16:07:20.923 INFO [main]: com.aionemu.commons.utils.AEInfos [AEInfos.java:130] - JVM Info: mixed mode
16:07:20.923 INFO [main]: com.aionemu.commons.utils.AEInfos [AEInfos.java:130] - ..................................................
16:07:20.923 INFO [main]: com.aionemu.commons.utils.AEInfos [AEInfos.java:130] - ..................................................
16:07:20.924 INFO [main]: com.aionemu.commons.utils.AEInfos [AEInfos.java:106] - +----
16:07:20.924 INFO [main]: com.aionemu.commons.utils.AEInfos [AEInfos.java:106] - | Global Memory Informations at 16:07:20:
16:07:20.925 INFO [main]: com.aionemu.commons.utils.AEInfos [AEInfos.java:106] - |    |
16:07:20.925 INFO [main]: com.aionemu.commons.utils.AEInfos [AEInfos.java:106] - | Allowed Memory: 29696 KB
16:07:20.925 INFO [main]: com.aionemu.commons.utils.AEInfos [AEInfos.java:106] - |    |= Allocated Memory: 29696 KB (100,0000%)
16:07:20.926 INFO [main]: com.aionemu.commons.utils.AEInfos [AEInfos.java:106] - |    |= Non-Allocated Memory: 0 KB (0,0000%)
16:07:20.926 INFO [main]: com.aionemu.commons.utils.AEInfos [AEInfos.java:106] - | Allocated Memory: 29696 KB
16:07:20.926 INFO [main]: com.aionemu.commons.utils.AEInfos [AEInfos.java:106] - |    |= Used Memory: 19906 KB (67,0326%)
16:07:20.928 INFO [main]: com.aionemu.commons.utils.AEInfos [AEInfos.java:106] - |    |= Unused (cached) Memory: 9790 KB (32,9674%)
16:07:20.928 INFO [main]: com.aionemu.commons.utils.AEInfos [AEInfos.java:106] - | Useable Memory: 9790 KB (32,9674%)
16:07:20.929 INFO [main]: com.aionemu.commons.utils.AEInfos [AEInfos.java:106] - +----
16:07:20.930 INFO [main]: PREMIUM_CTRL [PremiumController.java:49] - PremiumController is ready for requests.
16:07:20.930 INFO [main]: com.aionemu.loginserver.LoginServer [LoginServer.java:153] - AL Login Server started in 1 seconds.
16:07:30.908 INFO [pool-3-thread-2]: com.aionemu.loginserver.service.PlayerTransferService [PlayerTransferService.java:76] - PlayerTransfer perform task init. 0 new tasks.
